#
# A fatal error has been detected by the Java Runtime Environment:
#
#  EXCEPTION_ACCESS_VIOLATION (0xc0000005) at pc=0x00007ffa7b15c5b3, pid=20768, tid=15388
#
# JRE version: OpenJDK Runtime Environment Temurin-25.0.2+10 (25.0.2+10) (build 25.0.2+10-LTS)
# Java VM: OpenJDK 64-Bit Server VM Temurin-25.0.2+10 (25.0.2+10-LTS, mixed mode, sharing, tiered, compressed oops, compressed class ptrs, g1 gc, windows-amd64)
# Problematic frame:
# V  [jvm.dll+0x47c5b3]
#
# No core dump will be written. Minidumps are not enabled by default on client versions of Windows
#
# If you would like to submit a bug report, please visit:
#   https://github.com/adoptium/adoptium-support/issues
#

---------------  S U M M A R Y ------------

Command Line: C:\Users\formation\tools\cygwin\tmp\surefire2875574488001698032\surefirebooter-20260507220811470_3.jar C:\Users\formation\tools\cygwin\tmp\surefire2875574488001698032 2026-05-07T22-08-11_020-jvmRun1 surefire-20260507220811470_1tmp surefire_0-20260507220811470_2tmp

Host: Intel(R) Core(TM) i7-8550U CPU @ 1.80GHz, 8 cores, 15G,  Windows 11 , 64 bit Build 26100 (10.0.26100.8246)
Time: Thu May  7 21:08:13 2026 ope elapsed time: 1.306851 seconds (0d 0h 0m 1s)

---------------  T H R E A D  ---------------

Current thread (0x0000027e93613ae0):  JavaThread "surefire-forkedjvm-command-thread" daemon [_thread_in_vm, id=15388, stack(0x0000008d12200000,0x0000008d12300000) (1024K)]

Stack: [0x0000008d12200000,0x0000008d12300000],  sp=0x0000008d122fee80,  free space=1019k
Native frames: (J=compiled Java code, j=interpreted, Vv=VM code, C=native code)
V  [jvm.dll+0x47c5b3]  (no source info available)
V  [jvm.dll+0x7a8ae2]  (no source info available)
V  [jvm.dll+0x47d2dc]  (no source info available)
V  [jvm.dll+0x47d4a8]  (no source info available)
V  [jvm.dll+0x964e94]  (no source info available)
V  [jvm.dll+0x965d5a]  (no source info available)
V  [jvm.dll+0x966292]  (no source info available)
V  [jvm.dll+0x965fe6]  (no source info available)
V  [jvm.dll+0x2e4ce2]  (no source info available)
V  [jvm.dll+0x47284e]  (no source info available)
C  0x0000027e8754a86d  (no source info available)

The last pc belongs to new (printed below).
Java frames: (J=compiled Java code, j=interpreted, Vv=VM code)
j  org.apache.maven.surefire.booter.spi.CommandChannelDecoder.decode()Lorg/apache/maven/surefire/api/booter/Command;+8
j  org.apache.maven.surefire.booter.CommandReader$CommandRunnable.run()V+37
j  java.lang.Thread.runWith(Ljava/lang/Object;Ljava/lang/Runnable;)V+5 java.base@25.0.2
j  java.lang.Thread.run()V+19 java.base@25.0.2
v  ~StubRoutines::call_stub 0x0000027e875312ed

siginfo: EXCEPTION_ACCESS_VIOLATION (0xc0000005), writing address 0x0000008d122f6e80


Registers:
RAX=0x0000000000000001, RBX=0x0000027e93613ae0, RCX=0x0000008d122f6e80, RDX=0x0000000000000000
RSP=0x0000008d122fee80, RBP=0x0000008d122fef29, RSI=0x0000008d122ff0c0, RDI=0x0000008d122ff0c0
R8 =0x0000000000001000, R9 =0x00000000000001a0, R10=0x0000000000000001, R11=0x0000008d122ff1e0
R12=0x0000008d122ff1e0, R13=0x0000008d122feff0, R14=0x0000027efe9743f0, R15=0x0000008d122fee80
RIP=0x00007ffa7b15c5b3, EFLAGS=0x0000000000010202

XMM[0]=0x0000000000000000 0x0000000000000000
XMM[1]=0x0000000000000000 0x0000000000000000
XMM[2]=0x0000000000000000 0x0000000000000000
XMM[3]=0x0000000000000000 0x0000000000000000
XMM[4]=0x0000000000000000 0x0000000000000000
XMM[5]=0x6165727453746361 0x72747362412e6d61
XMM[6]=0x0000000000000000 0x0000000000000000
XMM[7]=0x0000000000000000 0x0000000000000000
XMM[8]=0x0000000000000000 0x0000000000000000
XMM[9]=0x0000000000000000 0x0000000000000000
XMM[10]=0x0000000000000000 0x0000000000000000
XMM[11]=0x0000000000000000 0x0000000000000000
XMM[12]=0x0000000000000000 0x0000000000000000
XMM[13]=0x0000000000000000 0x0000000000000000
XMM[14]=0x0000000000000000 0x0000000000000000
XMM[15]=0x0000000000000000 0x0000000000000000
  MXCSR=0x00001fa0


Register to memory mapping:

RAX=0x0000000000000001 is an unknown value
RBX=0x0000027e93613ae0 is a thread
RCX=0x0000008d122f6e80 is pointing into the stack for thread: 0x0000027e93613ae0
RDX=0x0 is null
RSP=0x0000008d122fee80 is pointing into the stack for thread: 0x0000027e93613ae0
RBP=0x0000008d122fef29 is pointing into the stack for thread: 0x0000027e93613ae0
RSI=0x0000008d122ff0c0 is pointing into the stack for thread: 0x0000027e93613ae0
RDI=0x0000008d122ff0c0 is pointing into the stack for thread: 0x0000027e93613ae0
R8 =0x0000000000001000 is an unknown value
R9 =0x00000000000001a0 is an unknown value
R10=0x0000000000000001 is an unknown value
R11=0x0000008d122ff1e0 is pointing into the stack for thread: 0x0000027e93613ae0
R12=0x0000008d122ff1e0 is pointing into the stack for thread: 0x0000027e93613ae0
R13=0x0000008d122feff0 is pointing into the stack for thread: 0x0000027e93613ae0
R14=0x0000027efe9743f0 points into unknown readable memory: 0x00000007ffe1f428 | 28 f4 e1 ff 07 00 00 00
R15=0x0000008d122fee80 is pointing into the stack for thread: 0x0000027e93613ae0

Top of Stack: (sp=0x0000008d122fee80)
0x0000008d122fee80:   0000027e93613ae0 0000008d122ff0c0   .:a.~...../.....
0x0000008d122fee90:   0000008d122fef18 00007ffa7af9b63d   ../.....=..z....
0x0000008d122feea0:   0000008d122ff040 0000000000000001   @./.............
0x0000008d122feeb0:   00000023c39e3810 00007ffa7b1ac343   .8..#...C..{....
0x0000008d122feec0:   000000000000000c 0000000000000006   ................
0x0000008d122feed0:   0000008d122ff040 00007ffa7b379ec4   @./.......7{....
0x0000008d122feee0:   000000003918f1d8 0000027e93613ae0   ...9.....:a.~...
0x0000008d122feef0:   0000027e93613ae0 0000027efe974400   .:a.~....D..~...
0x0000008d122fef00:   0000027e93613ae0 00007ffa7add4cda   .:a.~....L.z....
0x0000008d122fef10:   000000003918f1d8 000000003918f1d8   ...9.......9....
0x0000008d122fef20:   0000027e93613ae0 000000003918f1d8   .:a.~......9....
0x0000008d122fef30:   0000027e93613ae0 0000027e93613ae0   .:a.~....:a.~...
0x0000008d122fef40:   0000027efe977e68 0000027e93613ae0   h~..~....:a.~...
0x0000008d122fef50:   0000027efe977e68 0000027efe977e50   h~..~...P~..~...
0x0000008d122fef60:   0000027e93613ae0 0000027efe978240   .:a.~...@...~...
0x0000008d122fef70:   0000008d122ff0c0 0000008d122ff1e0   ../......./.....
0x0000008d122fef80:   0000008d122ff039 00007ffa7b488ae2   9./.......H{....
0x0000008d122fef90:   00007ffa7b15c380 0000027e93613ae0   ...{.....:a.~...
0x0000008d122fefa0:   000000003918f101 0000027e93613ae0   ...9.....:a.~...
0x0000008d122fefb0:   0000027e93613ae0 00007ffa7b15d2dc   .:a.~......{....
0x0000008d122fefc0:   0000027e93613ae0 0000027e93613ae0   .:a.~....:a.~...
0x0000008d122fefd0:   0000008d122ff1e0 0000008d122ff0c0   ../......./.....
0x0000008d122fefe0:   0000027e93613ae0 000000003918f1d8   .:a.~......9....
0x0000008d122feff0:   000000003918f1d8 0000027e93613ae0   ...9.....:a.~...
0x0000008d122ff000:   00000000394d3c08 00000000394d6b08   .<M9.....kM9....
0x0000008d122ff010:   000000003918ee88 0000000000000000   ...9............
0x0000008d122ff020:   0000000000000000 0000000000000000   ................
0x0000008d122ff030:   0000027e93000000 00007ffa7b698797   ....~.....i{....
0x0000008d122ff040:   000000003918ee88 000000003918f1d8   ...9.......9....
0x0000008d122ff050:   0000027e93613ae0 000000003918f1d8   .:a.~......9....
0x0000008d122ff060:   0000027e93613ae0 0000000600000001   .:a.~...........
0x0000008d122ff070:   0000000000000000 0000000000000000   ................

Instructions: (pc=0x00007ffa7b15c5b3)
  0x00007ffa7b15c4b3:   00 00 48 8b d3 49 8b cd e8 00 f1 e3 ff 4c 39 7b
  0x00007ffa7b15c4c3:   08 0f 85 ad 00 00 00 41 0f b6 14 24 8d 42 fc 83
  0x00007ffa7b15c4d3:   f8 0a 0f 87 06 05 00 00 4c 8d 05 1e 3b b8 ff 48
  0x00007ffa7b15c4e3:   98 41 8b 8c 80 e0 ca 47 00 49 03 c8 ff e1 c7 45
  0x00007ffa7b15c4f3:   97 0a 00 00 00 eb 19 c7 45 97 0b 00 00 00 eb 10
  0x00007ffa7b15c503:   c7 45 97 06 00 00 00 eb 07 c7 45 97 07 00 00 00
  0x00007ffa7b15c513:   49 8b 45 00 41 2a d6 80 fa 01 0f 96 45 77 0f b6
  0x00007ffa7b15c523:   48 2c c0 e9 03 f6 c1 01 75 09 48 8b 46 58 4c 8b
  0x00007ffa7b15c533:   30 eb 03 4d 8b f7 48 8d 8b 50 05 00 00 e8 5b ec
  0x00007ffa7b15c543:   44 00 e8 76 c0 32 00 4c 8b c0 49 8b d5 48 8b cb
  0x00007ffa7b15c553:   4c 8b f8 e8 95 f5 31 00 84 c0 75 33 4d 8b cd 48
  0x00007ffa7b15c563:   8d 15 bf 84 70 00 41 b8 74 01 00 00 48 8b cb e8
  0x00007ffa7b15c573:   f9 e7 f1 ff 48 8b 9c 24 10 01 00 00 48 81 c4 d0
  0x00007ffa7b15c583:   00 00 00 41 5f 41 5e 41 5d 41 5c 5f 5e 5d c3 4c
  0x00007ffa7b15c593:   8b 05 47 ae 9b 00 33 d2 48 8b 05 be 04 9c 00 49
  0x00007ffa7b15c5a3:   8b cf 49 f7 f0 48 83 f8 01 72 0e 66 90 49 2b c8
=>0x00007ffa7b15c5b3:   c6 01 00 48 83 e8 01 75 f4 65 48 8b 04 25 58 00
  0x00007ffa7b15c5c3:   00 00 8b 0d f1 82 9e 00 48 8b 3c c8 b8 48 00 00
  0x00007ffa7b15c5d3:   00 80 3c 38 00 75 05 e8 79 a6 5f 00 b8 20 00 00
  0x00007ffa7b15c5e3:   00 48 8b cb 48 8b 04 38 4c 89 b8 70 05 00 00 45
  0x00007ffa7b15c5f3:   33 ff 48 8b 03 4c 89 7d c7 4c 89 7d d7 4c 89 7d
  0x00007ffa7b15c603:   cf ff 50 30 84 c0 0f 84 7a 04 00 00 48 8b 03 48
  0x00007ffa7b15c613:   8b cb ff 90 98 00 00 00 84 c0 0f 84 90 04 00 00
  0x00007ffa7b15c623:   33 d2 4c 89 65 df 48 8b cb e8 5f ac 09 00 48 8b
  0x00007ffa7b15c633:   cb 48 8b f8 e8 c4 d8 f1 ff 48 8b 4b 28 f6 c1 01
  0x00007ffa7b15c643:   74 0f 41 b0 01 48 8b cb 41 0f b6 d0 e8 1c 48 39
  0x00007ffa7b15c653:   00 8b 83 d0 04 00 00 c1 e8 03 a8 01 74 08 48 8b
  0x00007ffa7b15c663:   cb e8 57 12 01 00 c7 83 d4 04 00 00 08 00 00 00
  0x00007ffa7b15c673:   49 8b 45 00 48 89 45 b7 49 8b c7 4d 85 f6 74 03
  0x00007ffa7b15c683:   49 8b 06 48 8b 4d c7 48 89 45 bf 48 89 5d a7 48
  0x00007ffa7b15c693:   8b 83 b8 04 00 00 48 89 45 af 48 8b 83 28 04 00
  0x00007ffa7b15c6a3:   00 48 3b c8 74 04 4c 89 7d c7 48 8b 83 38 04 00


Stack slot to memory mapping:

stack at sp + 0 slots: 0x0000027e93613ae0 is a thread
stack at sp + 1 slots: 0x0000008d122ff0c0 is pointing into the stack for thread: 0x0000027e93613ae0
stack at sp + 2 slots: 0x0000008d122fef18 is pointing into the stack for thread: 0x0000027e93613ae0
stack at sp + 3 slots: 0x00007ffa7af9b63d jvm.dll
stack at sp + 4 slots: 0x0000008d122ff040 is pointing into the stack for thread: 0x0000027e93613ae0
stack at sp + 5 slots: 0x0000000000000001 is an unknown value
stack at sp + 6 slots: 0x00000023c39e3810 is an unknown value
stack at sp + 7 slots: 0x00007ffa7b1ac343 jvm.dll

Lock stack of current Java thread (top to bottom):

new  187 new  [0x0000027e8754a720, 0x0000027e8754a8e0]  448 bytes
[MachCode]
  0x0000027e8754a720: 4883 ec08 | c5fa 1104 | 24eb 1f48 | 83ec 10c5 | fb11 0424 | eb14 4883 | ec10 4889 | 0424 48c7 
  0x0000027e8754a740: 4424 0800 | 0000 00eb | 0150 410f | b755 010f | cac1 ea10 | 488b 4de8 | 488b 4908 | 488b 4908 
  0x0000027e8754a760: 488b 4108 | 807c 1004 | 070f 858c | 0000 0066 | 8b54 d148 | 488b 4928 | 488b 4cd1 | 0851 80b9 
  0x0000027e8754a780: 3001 0000 | 040f 840d | 0000 004c | 3bb9 3801 | 0000 0f85 | 6200 0000 | 8b51 08f6 | c201 0f85 
  0x0000027e8754a7a0: 5600 0000 | 498b 87c8 | 0100 0048 | 8d1c 1049 | 3b9f d801 | 0000 0f87 | 3e00 0000 | 4989 9fc8 
  0x0000027e8754a7c0: 0100 0048 | 83ea 100f | 840f 0000 | 0033 c9c1 | ea03 4889 | 4cd0 0848 | ffca 75f6 | 48c7 0001 
  0x0000027e8754a7e0: 0000 0059 | 33f6 8970 | 0c41 ba00 | 0000 3949 | 2bca 8948 | 08e9 cb00 | 0000 5948 | 8b55 e848 
  0x0000027e8754a800: 8b52 0848 | 8b52 0845 | 0fb7 4501 | 410f c841 | c1e8 10e8 | 0500 0000 | e9a8 0000 | 0048 8d44 
  0x0000027e8754a820: 2408 4c89 | 6dc0 498b | cfc5 f877 | 4989 af38 | 0400 0049 | 8987 2804 | 0000 4883 | ec20 40f6 
  0x0000027e8754a840: c40f 0f84 | 1900 0000 | 4883 ec08 | 48b8 0028 | 157b fa7f | 0000 ffd0 | 4883 c408 | e90c 0000 
  0x0000027e8754a860: 0048 b800 | 2815 7bfa | 7f00 00ff | d048 83c4 | 2049 c787 | 2804 0000 | 0000 0000 | 49c7 8738 
  0x0000027e8754a880: 0400 0000 | 0000 0049 | c787 3004 | 0000 0000 | 0000 c5f8 | 7749 837f | 0800 0f84 | 0500 0000 
  0x0000027e8754a8a0: e93b 69fe | ff49 8b87 | 8004 0000 | 49c7 8780 | 0400 0000 | 0000 004c | 8b6d c04c | 8b75 c84e 
  0x0000027e8754a8c0: 8d74 f500 | c341 0fb6 | 5d03 4983 | c503 49ba | 40a9 b27b | fa7f 0000 | 41ff 24da | 0f1f 4000 
[/MachCode]

---------------  P R O C E S S  ---------------

Threads class SMR info:
_java_thread_list=0x0000027e935f8b10, length=15, elements={
0x0000027eebec4080, 0x0000027efe952d50, 0x0000027efe953510, 0x0000027efe957ab0,
0x0000027efe958c20, 0x0000027efe95b660, 0x0000027efe95e360, 0x0000027efe967e80,
0x0000027efe971670, 0x0000027efea1efa0, 0x0000027efea334c0, 0x0000027e93184020,
0x0000027e93184830, 0x0000027e936ae760, 0x0000027e93613ae0
}

Java Threads: ( => current thread )
  0x0000027eebec4080 JavaThread "main"                              [_thread_in_vm, id=17896, stack(0x0000008d10d00000,0x0000008d10e00000) (1024K)]
  0x0000027efe952d50 JavaThread "Reference Handler"          daemon [_thread_blocked, id=4280, stack(0x0000008d11500000,0x0000008d11600000) (1024K)]
  0x0000027efe953510 JavaThread "Finalizer"                  daemon [_thread_blocked, id=7800, stack(0x0000008d11600000,0x0000008d11700000) (1024K)]
  0x0000027efe957ab0 JavaThread "Signal Dispatcher"          daemon [_thread_blocked, id=14492, stack(0x0000008d11700000,0x0000008d11800000) (1024K)]
  0x0000027efe958c20 JavaThread "Attach Listener"            daemon [_thread_blocked, id=20576, stack(0x0000008d11800000,0x0000008d11900000) (1024K)]
  0x0000027efe95b660 JavaThread "Service Thread"             daemon [_thread_blocked, id=10164, stack(0x0000008d11900000,0x0000008d11a00000) (1024K)]
  0x0000027efe95e360 JavaThread "Monitor Deflation Thread"   daemon [_thread_blocked, id=13808, stack(0x0000008d11a00000,0x0000008d11b00000) (1024K)]
  0x0000027efe967e80 JavaThread "C2 CompilerThread0"         daemon [_thread_in_native, id=19876, stack(0x0000008d11b00000,0x0000008d11c00000) (1024K)]
  0x0000027efe971670 JavaThread "C1 CompilerThread0"         daemon [_thread_blocked, id=21484, stack(0x0000008d11c00000,0x0000008d11d00000) (1024K)]
  0x0000027efea1efa0 JavaThread "Notification Thread"        daemon [_thread_blocked, id=19772, stack(0x0000008d11d00000,0x0000008d11e00000) (1024K)]
  0x0000027efea334c0 JavaThread "Common-Cleaner"             daemon [_thread_blocked, id=19352, stack(0x0000008d11e00000,0x0000008d11f00000) (1024K)]
  0x0000027e93184020 JavaThread "C2 CompilerThread1"         daemon [_thread_in_native, id=2992, stack(0x0000008d11f00000,0x0000008d12000000) (1024K)]
  0x0000027e93184830 JavaThread "C2 CompilerThread2"         daemon [_thread_in_native, id=19424, stack(0x0000008d12000000,0x0000008d12100000) (1024K)]
  0x0000027e936ae760 JavaThread "surefire-forkedjvm-stream-flusher" daemon [_thread_blocked, id=13428, stack(0x0000008d12100000,0x0000008d12200000) (1024K)]
=>0x0000027e93613ae0 JavaThread "surefire-forkedjvm-command-thread" daemon [_thread_in_vm, id=15388, stack(0x0000008d12200000,0x0000008d12300000) (1024K)]
Total: 15

Other Threads:
  0x0000027efe93ed30 VMThread "VM Thread"                           [id=19408, stack(0x0000008d11400000,0x0000008d11500000) (1024K)]
  0x0000027efe803070 WatcherThread "VM Periodic Task Thread"        [id=18480, stack(0x0000008d11300000,0x0000008d11400000) (1024K)]
  0x0000027eee1e6a30 WorkerThread "GC Thread#0"                     [id=16036, stack(0x0000008d10e00000,0x0000008d10f00000) (1024K)]
  0x0000027eee1ff940 ConcurrentGCThread "G1 Main Marker"            [id=1348, stack(0x0000008d10f00000,0x0000008d11000000) (1024K)]
  0x0000027eee2013d0 WorkerThread "G1 Conc#0"                       [id=18716, stack(0x0000008d11000000,0x0000008d11100000) (1024K)]
  0x0000027eee23e510 ConcurrentGCThread "G1 Refine#0"               [id=20356, stack(0x0000008d11100000,0x0000008d11200000) (1024K)]
  0x0000027efe7f82c0 ConcurrentGCThread "G1 Service"                [id=19192, stack(0x0000008d11200000,0x0000008d11300000) (1024K)]
Total: 7

Threads with active compile tasks:
C2 CompilerThread0  1551  790 %     4       java.lang.StringLatin1::indexOf @ 30 (121 bytes)
C2 CompilerThread1  1551  574   !   4       java.util.zip.ZipFile$Source::initCEN (641 bytes)
C2 CompilerThread2  1551  785       4       sun.util.locale.BaseLocale::hashCode (169 bytes)
Total: 3

VM state: not at safepoint (normal execution)

VM Mutex/Monitor currently owned by a thread:  ([mutex/lock_event])
[0x00007ffa7bb141c8] Metaspace_lock - owner thread: 0x0000027eebec4080

Heap address: 0x0000000701200000, size: 4078 MB, Compressed Oops mode: Zero based, Oop shift amount: 3

CDS archive(s) mapped at: [0x0000000039000000-0x0000000039dd0000-0x0000000039dd0000), size 14483456, SharedBaseAddress: 0x0000000039000000, ArchiveRelocationMode: 1.
Compressed class space mapped at: 0x000000003a000000-0x000000007a000000, reserved size: 1073741824
UseCompressedClassPointers 1, UseCompactObjectHeaders 0
Narrow klass pointer bits 32, Max shift 3
Narrow klass base: 0x0000000039000000, Narrow klass shift: 0
Encoding Range: [0x0000000039000000 - 0x0000000139000000), (4294967296 bytes)
Klass Range:    [0x0000000039010000 - 0x000000007a000000), (1090453504 bytes)
Klass ID Range:  [65536 - 1090519033) (1090453497)
Protection zone: [0x0000000039000000 - 0x0000000039010000), (65536 bytes)

GC Precious Log:
 CardTable entry size: 512
 Card Set container configuration: InlinePtr #cards 4 size 8 Array Of Cards #cards 16 size 48 Howl #buckets 8 coarsen threshold 3686 Howl Bitmap #cards 512 size 80 coarsen threshold 460 Card regions per heap region 1 cards per card region 4096
 CPUs: 8 total, 8 available
 Memory: 16310M
 Large Page Support: Disabled
 NUMA Support: Disabled
 Compressed Oops: Enabled (Zero based)
 Heap Region Size: 2M
 Heap Min Capacity: 8M
 Heap Initial Capacity: 256M
 Heap Max Capacity: 4078M
 Pre-touch: Disabled
 Parallel Workers: 8
 Concurrent Workers: 2
 Concurrent Refinement Workers: 8
 Periodic GC: Disabled

Heap:
 garbage-first heap   total reserved 4175872K, committed 264192K, used 23699K [0x0000000701200000, 0x0000000800000000)
  region size 2048K, 12 young (24576K), 0 survivors (0K)

Heap Regions: E=young(eden), S=young(survivor), O=old, HS=humongous(starts), HC=humongous(continues), CS=collection set, F=free, TAMS=top-at-mark-start, PB=parsable bottom
|   0|0x0000000701200000, 0x0000000701400000, 0x0000000701400000|100%|HS|  |TAMS 0x0000000701200000| PB 0x0000000701200000| Complete |  0
|   1|0x0000000701400000, 0x0000000701400000, 0x0000000701600000|  0%| F|  |TAMS 0x0000000701400000| PB 0x0000000701400000| Untracked |  0
|   2|0x0000000701600000, 0x0000000701600000, 0x0000000701800000|  0%| F|  |TAMS 0x0000000701600000| PB 0x0000000701600000| Untracked |  0
|   3|0x0000000701800000, 0x0000000701800000, 0x0000000701a00000|  0%| F|  |TAMS 0x0000000701800000| PB 0x0000000701800000| Untracked |  0
|   4|0x0000000701a00000, 0x0000000701a00000, 0x0000000701c00000|  0%| F|  |TAMS 0x0000000701a00000| PB 0x0000000701a00000| Untracked |  0
|   5|0x0000000701c00000, 0x0000000701c00000, 0x0000000701e00000|  0%| F|  |TAMS 0x0000000701c00000| PB 0x0000000701c00000| Untracked |  0
|   6|0x0000000701e00000, 0x0000000701e00000, 0x0000000702000000|  0%| F|  |TAMS 0x0000000701e00000| PB 0x0000000701e00000| Untracked |  0
|   7|0x0000000702000000, 0x0000000702000000, 0x0000000702200000|  0%| F|  |TAMS 0x0000000702000000| PB 0x0000000702000000| Untracked |  0
|   8|0x0000000702200000, 0x0000000702200000, 0x0000000702400000|  0%| F|  |TAMS 0x0000000702200000| PB 0x0000000702200000| Untracked |  0
|   9|0x0000000702400000, 0x0000000702400000, 0x0000000702600000|  0%| F|  |TAMS 0x0000000702400000| PB 0x0000000702400000| Untracked |  0
|  10|0x0000000702600000, 0x0000000702600000, 0x0000000702800000|  0%| F|  |TAMS 0x0000000702600000| PB 0x0000000702600000| Untracked |  0
|  11|0x0000000702800000, 0x0000000702800000, 0x0000000702a00000|  0%| F|  |TAMS 0x0000000702800000| PB 0x0000000702800000| Untracked |  0
|  12|0x0000000702a00000, 0x0000000702a00000, 0x0000000702c00000|  0%| F|  |TAMS 0x0000000702a00000| PB 0x0000000702a00000| Untracked |  0
|  13|0x0000000702c00000, 0x0000000702c00000, 0x0000000702e00000|  0%| F|  |TAMS 0x0000000702c00000| PB 0x0000000702c00000| Untracked |  0
|  14|0x0000000702e00000, 0x0000000702e00000, 0x0000000703000000|  0%| F|  |TAMS 0x0000000702e00000| PB 0x0000000702e00000| Untracked |  0
|  15|0x0000000703000000, 0x0000000703000000, 0x0000000703200000|  0%| F|  |TAMS 0x0000000703000000| PB 0x0000000703000000| Untracked |  0
|  16|0x0000000703200000, 0x0000000703200000, 0x0000000703400000|  0%| F|  |TAMS 0x0000000703200000| PB 0x0000000703200000| Untracked |  0
|  17|0x0000000703400000, 0x0000000703400000, 0x0000000703600000|  0%| F|  |TAMS 0x0000000703400000| PB 0x0000000703400000| Untracked |  0
|  18|0x0000000703600000, 0x0000000703600000, 0x0000000703800000|  0%| F|  |TAMS 0x0000000703600000| PB 0x0000000703600000| Untracked |  0
|  19|0x0000000703800000, 0x0000000703800000, 0x0000000703a00000|  0%| F|  |TAMS 0x0000000703800000| PB 0x0000000703800000| Untracked |  0
|  20|0x0000000703a00000, 0x0000000703a00000, 0x0000000703c00000|  0%| F|  |TAMS 0x0000000703a00000| PB 0x0000000703a00000| Untracked |  0
|  21|0x0000000703c00000, 0x0000000703c00000, 0x0000000703e00000|  0%| F|  |TAMS 0x0000000703c00000| PB 0x0000000703c00000| Untracked |  0
|  22|0x0000000703e00000, 0x0000000703e00000, 0x0000000704000000|  0%| F|  |TAMS 0x0000000703e00000| PB 0x0000000703e00000| Untracked |  0
|  23|0x0000000704000000, 0x0000000704000000, 0x0000000704200000|  0%| F|  |TAMS 0x0000000704000000| PB 0x0000000704000000| Untracked |  0
|  24|0x0000000704200000, 0x0000000704200000, 0x0000000704400000|  0%| F|  |TAMS 0x0000000704200000| PB 0x0000000704200000| Untracked |  0
|  25|0x0000000704400000, 0x0000000704400000, 0x0000000704600000|  0%| F|  |TAMS 0x0000000704400000| PB 0x0000000704400000| Untracked |  0
|  26|0x0000000704600000, 0x0000000704600000, 0x0000000704800000|  0%| F|  |TAMS 0x0000000704600000| PB 0x0000000704600000| Untracked |  0
|  27|0x0000000704800000, 0x0000000704800000, 0x0000000704a00000|  0%| F|  |TAMS 0x0000000704800000| PB 0x0000000704800000| Untracked |  0
|  28|0x0000000704a00000, 0x0000000704a00000, 0x0000000704c00000|  0%| F|  |TAMS 0x0000000704a00000| PB 0x0000000704a00000| Untracked |  0
|  29|0x0000000704c00000, 0x0000000704c00000, 0x0000000704e00000|  0%| F|  |TAMS 0x0000000704c00000| PB 0x0000000704c00000| Untracked |  0
|  30|0x0000000704e00000, 0x0000000704e00000, 0x0000000705000000|  0%| F|  |TAMS 0x0000000704e00000| PB 0x0000000704e00000| Untracked |  0
|  31|0x0000000705000000, 0x0000000705000000, 0x0000000705200000|  0%| F|  |TAMS 0x0000000705000000| PB 0x0000000705000000| Untracked |  0
|  32|0x0000000705200000, 0x0000000705200000, 0x0000000705400000|  0%| F|  |TAMS 0x0000000705200000| PB 0x0000000705200000| Untracked |  0
|  33|0x0000000705400000, 0x0000000705400000, 0x0000000705600000|  0%| F|  |TAMS 0x0000000705400000| PB 0x0000000705400000| Untracked |  0
|  34|0x0000000705600000, 0x0000000705600000, 0x0000000705800000|  0%| F|  |TAMS 0x0000000705600000| PB 0x0000000705600000| Untracked |  0
|  35|0x0000000705800000, 0x0000000705800000, 0x0000000705a00000|  0%| F|  |TAMS 0x0000000705800000| PB 0x0000000705800000| Untracked |  0
|  36|0x0000000705a00000, 0x0000000705a00000, 0x0000000705c00000|  0%| F|  |TAMS 0x0000000705a00000| PB 0x0000000705a00000| Untracked |  0
|  37|0x0000000705c00000, 0x0000000705c00000, 0x0000000705e00000|  0%| F|  |TAMS 0x0000000705c00000| PB 0x0000000705c00000| Untracked |  0
|  38|0x0000000705e00000, 0x0000000705e00000, 0x0000000706000000|  0%| F|  |TAMS 0x0000000705e00000| PB 0x0000000705e00000| Untracked |  0
|  39|0x0000000706000000, 0x0000000706000000, 0x0000000706200000|  0%| F|  |TAMS 0x0000000706000000| PB 0x0000000706000000| Untracked |  0
|  40|0x0000000706200000, 0x0000000706200000, 0x0000000706400000|  0%| F|  |TAMS 0x0000000706200000| PB 0x0000000706200000| Untracked |  0
|  41|0x0000000706400000, 0x0000000706400000, 0x0000000706600000|  0%| F|  |TAMS 0x0000000706400000| PB 0x0000000706400000| Untracked |  0
|  42|0x0000000706600000, 0x0000000706600000, 0x0000000706800000|  0%| F|  |TAMS 0x0000000706600000| PB 0x0000000706600000| Untracked |  0
|  43|0x0000000706800000, 0x0000000706800000, 0x0000000706a00000|  0%| F|  |TAMS 0x0000000706800000| PB 0x0000000706800000| Untracked |  0
|  44|0x0000000706a00000, 0x0000000706a00000, 0x0000000706c00000|  0%| F|  |TAMS 0x0000000706a00000| PB 0x0000000706a00000| Untracked |  0
|  45|0x0000000706c00000, 0x0000000706c00000, 0x0000000706e00000|  0%| F|  |TAMS 0x0000000706c00000| PB 0x0000000706c00000| Untracked |  0
|  46|0x0000000706e00000, 0x0000000706e00000, 0x0000000707000000|  0%| F|  |TAMS 0x0000000706e00000| PB 0x0000000706e00000| Untracked |  0
|  47|0x0000000707000000, 0x0000000707000000, 0x0000000707200000|  0%| F|  |TAMS 0x0000000707000000| PB 0x0000000707000000| Untracked |  0
|  48|0x0000000707200000, 0x0000000707200000, 0x0000000707400000|  0%| F|  |TAMS 0x0000000707200000| PB 0x0000000707200000| Untracked |  0
|  49|0x0000000707400000, 0x0000000707400000, 0x0000000707600000|  0%| F|  |TAMS 0x0000000707400000| PB 0x0000000707400000| Untracked |  0
|  50|0x0000000707600000, 0x0000000707600000, 0x0000000707800000|  0%| F|  |TAMS 0x0000000707600000| PB 0x0000000707600000| Untracked |  0
|  51|0x0000000707800000, 0x0000000707800000, 0x0000000707a00000|  0%| F|  |TAMS 0x0000000707800000| PB 0x0000000707800000| Untracked |  0
|  52|0x0000000707a00000, 0x0000000707a00000, 0x0000000707c00000|  0%| F|  |TAMS 0x0000000707a00000| PB 0x0000000707a00000| Untracked |  0
|  53|0x0000000707c00000, 0x0000000707c00000, 0x0000000707e00000|  0%| F|  |TAMS 0x0000000707c00000| PB 0x0000000707c00000| Untracked |  0
|  54|0x0000000707e00000, 0x0000000707e00000, 0x0000000708000000|  0%| F|  |TAMS 0x0000000707e00000| PB 0x0000000707e00000| Untracked |  0
|  55|0x0000000708000000, 0x0000000708000000, 0x0000000708200000|  0%| F|  |TAMS 0x0000000708000000| PB 0x0000000708000000| Untracked |  0
|  56|0x0000000708200000, 0x0000000708200000, 0x0000000708400000|  0%| F|  |TAMS 0x0000000708200000| PB 0x0000000708200000| Untracked |  0
|  57|0x0000000708400000, 0x0000000708400000, 0x0000000708600000|  0%| F|  |TAMS 0x0000000708400000| PB 0x0000000708400000| Untracked |  0
|  58|0x0000000708600000, 0x0000000708600000, 0x0000000708800000|  0%| F|  |TAMS 0x0000000708600000| PB 0x0000000708600000| Untracked |  0
|  59|0x0000000708800000, 0x0000000708800000, 0x0000000708a00000|  0%| F|  |TAMS 0x0000000708800000| PB 0x0000000708800000| Untracked |  0
|  60|0x0000000708a00000, 0x0000000708a00000, 0x0000000708c00000|  0%| F|  |TAMS 0x0000000708a00000| PB 0x0000000708a00000| Untracked |  0
|  61|0x0000000708c00000, 0x0000000708c00000, 0x0000000708e00000|  0%| F|  |TAMS 0x0000000708c00000| PB 0x0000000708c00000| Untracked |  0
|  62|0x0000000708e00000, 0x0000000708e00000, 0x0000000709000000|  0%| F|  |TAMS 0x0000000708e00000| PB 0x0000000708e00000| Untracked |  0
|  63|0x0000000709000000, 0x0000000709000000, 0x0000000709200000|  0%| F|  |TAMS 0x0000000709000000| PB 0x0000000709000000| Untracked |  0
|  64|0x0000000709200000, 0x0000000709200000, 0x0000000709400000|  0%| F|  |TAMS 0x0000000709200000| PB 0x0000000709200000| Untracked |  0
|  65|0x0000000709400000, 0x0000000709400000, 0x0000000709600000|  0%| F|  |TAMS 0x0000000709400000| PB 0x0000000709400000| Untracked |  0
|  66|0x0000000709600000, 0x0000000709600000, 0x0000000709800000|  0%| F|  |TAMS 0x0000000709600000| PB 0x0000000709600000| Untracked |  0
|  67|0x0000000709800000, 0x0000000709800000, 0x0000000709a00000|  0%| F|  |TAMS 0x0000000709800000| PB 0x0000000709800000| Untracked |  0
|  68|0x0000000709a00000, 0x0000000709a00000, 0x0000000709c00000|  0%| F|  |TAMS 0x0000000709a00000| PB 0x0000000709a00000| Untracked |  0
|  69|0x0000000709c00000, 0x0000000709c00000, 0x0000000709e00000|  0%| F|  |TAMS 0x0000000709c00000| PB 0x0000000709c00000| Untracked |  0
|  70|0x0000000709e00000, 0x0000000709e00000, 0x000000070a000000|  0%| F|  |TAMS 0x0000000709e00000| PB 0x0000000709e00000| Untracked |  0
|  71|0x000000070a000000, 0x000000070a000000, 0x000000070a200000|  0%| F|  |TAMS 0x000000070a000000| PB 0x000000070a000000| Untracked |  0
|  72|0x000000070a200000, 0x000000070a200000, 0x000000070a400000|  0%| F|  |TAMS 0x000000070a200000| PB 0x000000070a200000| Untracked |  0
|  73|0x000000070a400000, 0x000000070a400000, 0x000000070a600000|  0%| F|  |TAMS 0x000000070a400000| PB 0x000000070a400000| Untracked |  0
|  74|0x000000070a600000, 0x000000070a600000, 0x000000070a800000|  0%| F|  |TAMS 0x000000070a600000| PB 0x000000070a600000| Untracked |  0
|  75|0x000000070a800000, 0x000000070a800000, 0x000000070aa00000|  0%| F|  |TAMS 0x000000070a800000| PB 0x000000070a800000| Untracked |  0
|  76|0x000000070aa00000, 0x000000070aa00000, 0x000000070ac00000|  0%| F|  |TAMS 0x000000070aa00000| PB 0x000000070aa00000| Untracked |  0
|  77|0x000000070ac00000, 0x000000070ac00000, 0x000000070ae00000|  0%| F|  |TAMS 0x000000070ac00000| PB 0x000000070ac00000| Untracked |  0
|  78|0x000000070ae00000, 0x000000070ae00000, 0x000000070b000000|  0%| F|  |TAMS 0x000000070ae00000| PB 0x000000070ae00000| Untracked |  0
|  79|0x000000070b000000, 0x000000070b000000, 0x000000070b200000|  0%| F|  |TAMS 0x000000070b000000| PB 0x000000070b000000| Untracked |  0
|  80|0x000000070b200000, 0x000000070b200000, 0x000000070b400000|  0%| F|  |TAMS 0x000000070b200000| PB 0x000000070b200000| Untracked |  0
|  81|0x000000070b400000, 0x000000070b400000, 0x000000070b600000|  0%| F|  |TAMS 0x000000070b400000| PB 0x000000070b400000| Untracked |  0
|  82|0x000000070b600000, 0x000000070b600000, 0x000000070b800000|  0%| F|  |TAMS 0x000000070b600000| PB 0x000000070b600000| Untracked |  0
|  83|0x000000070b800000, 0x000000070b800000, 0x000000070ba00000|  0%| F|  |TAMS 0x000000070b800000| PB 0x000000070b800000| Untracked |  0
|  84|0x000000070ba00000, 0x000000070ba00000, 0x000000070bc00000|  0%| F|  |TAMS 0x000000070ba00000| PB 0x000000070ba00000| Untracked |  0
|  85|0x000000070bc00000, 0x000000070bc00000, 0x000000070be00000|  0%| F|  |TAMS 0x000000070bc00000| PB 0x000000070bc00000| Untracked |  0
|  86|0x000000070be00000, 0x000000070be00000, 0x000000070c000000|  0%| F|  |TAMS 0x000000070be00000| PB 0x000000070be00000| Untracked |  0
|  87|0x000000070c000000, 0x000000070c000000, 0x000000070c200000|  0%| F|  |TAMS 0x000000070c000000| PB 0x000000070c000000| Untracked |  0
|  88|0x000000070c200000, 0x000000070c200000, 0x000000070c400000|  0%| F|  |TAMS 0x000000070c200000| PB 0x000000070c200000| Untracked |  0
|  89|0x000000070c400000, 0x000000070c400000, 0x000000070c600000|  0%| F|  |TAMS 0x000000070c400000| PB 0x000000070c400000| Untracked |  0
|  90|0x000000070c600000, 0x000000070c600000, 0x000000070c800000|  0%| F|  |TAMS 0x000000070c600000| PB 0x000000070c600000| Untracked |  0
|  91|0x000000070c800000, 0x000000070c800000, 0x000000070ca00000|  0%| F|  |TAMS 0x000000070c800000| PB 0x000000070c800000| Untracked |  0
|  92|0x000000070ca00000, 0x000000070ca00000, 0x000000070cc00000|  0%| F|  |TAMS 0x000000070ca00000| PB 0x000000070ca00000| Untracked |  0
|  93|0x000000070cc00000, 0x000000070cc00000, 0x000000070ce00000|  0%| F|  |TAMS 0x000000070cc00000| PB 0x000000070cc00000| Untracked |  0
|  94|0x000000070ce00000, 0x000000070ce00000, 0x000000070d000000|  0%| F|  |TAMS 0x000000070ce00000| PB 0x000000070ce00000| Untracked |  0
|  95|0x000000070d000000, 0x000000070d000000, 0x000000070d200000|  0%| F|  |TAMS 0x000000070d000000| PB 0x000000070d000000| Untracked |  0
|  96|0x000000070d200000, 0x000000070d200000, 0x000000070d400000|  0%| F|  |TAMS 0x000000070d200000| PB 0x000000070d200000| Untracked |  0
|  97|0x000000070d400000, 0x000000070d400000, 0x000000070d600000|  0%| F|  |TAMS 0x000000070d400000| PB 0x000000070d400000| Untracked |  0
|  98|0x000000070d600000, 0x000000070d600000, 0x000000070d800000|  0%| F|  |TAMS 0x000000070d600000| PB 0x000000070d600000| Untracked |  0
|  99|0x000000070d800000, 0x000000070d800000, 0x000000070da00000|  0%| F|  |TAMS 0x000000070d800000| PB 0x000000070d800000| Untracked |  0
| 100|0x000000070da00000, 0x000000070da00000, 0x000000070dc00000|  0%| F|  |TAMS 0x000000070da00000| PB 0x000000070da00000| Untracked |  0
| 101|0x000000070dc00000, 0x000000070dc00000, 0x000000070de00000|  0%| F|  |TAMS 0x000000070dc00000| PB 0x000000070dc00000| Untracked |  0
| 102|0x000000070de00000, 0x000000070de00000, 0x000000070e000000|  0%| F|  |TAMS 0x000000070de00000| PB 0x000000070de00000| Untracked |  0
| 103|0x000000070e000000, 0x000000070e000000, 0x000000070e200000|  0%| F|  |TAMS 0x000000070e000000| PB 0x000000070e000000| Untracked |  0
| 104|0x000000070e200000, 0x000000070e200000, 0x000000070e400000|  0%| F|  |TAMS 0x000000070e200000| PB 0x000000070e200000| Untracked |  0
| 105|0x000000070e400000, 0x000000070e400000, 0x000000070e600000|  0%| F|  |TAMS 0x000000070e400000| PB 0x000000070e400000| Untracked |  0
| 106|0x000000070e600000, 0x000000070e600000, 0x000000070e800000|  0%| F|  |TAMS 0x000000070e600000| PB 0x000000070e600000| Untracked |  0
| 107|0x000000070e800000, 0x000000070e800000, 0x000000070ea00000|  0%| F|  |TAMS 0x000000070e800000| PB 0x000000070e800000| Untracked |  0
| 108|0x000000070ea00000, 0x000000070ea00000, 0x000000070ec00000|  0%| F|  |TAMS 0x000000070ea00000| PB 0x000000070ea00000| Untracked |  0
| 109|0x000000070ec00000, 0x000000070ec00000, 0x000000070ee00000|  0%| F|  |TAMS 0x000000070ec00000| PB 0x000000070ec00000| Untracked |  0
| 110|0x000000070ee00000, 0x000000070ee00000, 0x000000070f000000|  0%| F|  |TAMS 0x000000070ee00000| PB 0x000000070ee00000| Untracked |  0
| 111|0x000000070f000000, 0x000000070f000000, 0x000000070f200000|  0%| F|  |TAMS 0x000000070f000000| PB 0x000000070f000000| Untracked |  0
| 112|0x000000070f200000, 0x000000070f200000, 0x000000070f400000|  0%| F|  |TAMS 0x000000070f200000| PB 0x000000070f200000| Untracked |  0
| 113|0x000000070f400000, 0x000000070f400000, 0x000000070f600000|  0%| F|  |TAMS 0x000000070f400000| PB 0x000000070f400000| Untracked |  0
| 114|0x000000070f600000, 0x000000070f600000, 0x000000070f800000|  0%| F|  |TAMS 0x000000070f600000| PB 0x000000070f600000| Untracked |  0
| 115|0x000000070f800000, 0x000000070f800000, 0x000000070fa00000|  0%| F|  |TAMS 0x000000070f800000| PB 0x000000070f800000| Untracked |  0
| 116|0x000000070fa00000, 0x000000070fbeb888, 0x000000070fc00000| 96%| E|  |TAMS 0x000000070fa00000| PB 0x000000070fa00000| Complete |  0
| 117|0x000000070fc00000, 0x000000070fe00000, 0x000000070fe00000|100%| E|CS|TAMS 0x000000070fc00000| PB 0x000000070fc00000| Complete |  0
| 118|0x000000070fe00000, 0x0000000710000000, 0x0000000710000000|100%| E|CS|TAMS 0x000000070fe00000| PB 0x000000070fe00000| Complete |  0
| 119|0x0000000710000000, 0x0000000710200000, 0x0000000710200000|100%| E|CS|TAMS 0x0000000710000000| PB 0x0000000710000000| Complete |  0
| 120|0x0000000710200000, 0x0000000710400000, 0x0000000710400000|100%| E|CS|TAMS 0x0000000710200000| PB 0x0000000710200000| Complete |  0
| 121|0x0000000710400000, 0x0000000710600000, 0x0000000710600000|100%| E|CS|TAMS 0x0000000710400000| PB 0x0000000710400000| Complete |  0
| 122|0x0000000710600000, 0x0000000710800000, 0x0000000710800000|100%| E|  |TAMS 0x0000000710600000| PB 0x0000000710600000| Complete |  0
| 123|0x0000000710800000, 0x0000000710a00000, 0x0000000710a00000|100%| E|CS|TAMS 0x0000000710800000| PB 0x0000000710800000| Complete |  0
| 124|0x0000000710a00000, 0x0000000710c00000, 0x0000000710c00000|100%| E|CS|TAMS 0x0000000710a00000| PB 0x0000000710a00000| Complete |  0
| 125|0x0000000710c00000, 0x0000000710e00000, 0x0000000710e00000|100%| E|CS|TAMS 0x0000000710c00000| PB 0x0000000710c00000| Complete |  0
| 126|0x0000000710e00000, 0x0000000711000000, 0x0000000711000000|100%| E|CS|TAMS 0x0000000710e00000| PB 0x0000000710e00000| Complete |  0
| 127|0x0000000711000000, 0x0000000711200000, 0x0000000711200000|100%| E|CS|TAMS 0x0000000711000000| PB 0x0000000711000000| Complete |  0
|2038|0x00000007ffe00000, 0x00000007fff24ea8, 0x0000000800000000| 57%| O|  |TAMS 0x00000007ffe00000| PB 0x00000007ffe00000| Untracked |  0

Card table byte_map: [0x0000027ef77a0000,0x0000027ef7fa0000] _byte_map_base: 0x0000027ef3f97000

Marking Bits: (CMBitMap*) 0x0000027eee1e71c0
 Bits: [0x0000027ef7fa0000, 0x0000027efbf58000)

Polling page: 0x0000027eec040000

Metaspace:
Metaspace        used 2401K, committed 2496K, reserved 1114112K
 class space     used 193K, committed 256K, reserved 1048576K

Usage:
  Non-class:      2.16 MB used.
      Class:    193.08 KB used.
       Both:      2.35 MB used.

Virtual space:
  Non-class space:       64.00 MB reserved,       2.19 MB (  3%) committed,  1 nodes.
      Class space:        1.00 GB reserved,     256.00 KB ( <1%) committed,  1 nodes.
             Both:        1.06 GB reserved,       2.44 MB ( <1%) committed. 

Chunk freelists:
   Non-Class:  11.31 MB
       Class:  15.67 MB
        Both:  26.98 MB

MaxMetaspaceSize: unlimited
CompressedClassSpaceSize: 1.00 GB
Initial GC threshold: 21.00 MB
Current GC threshold: 21.00 MB
CDS: on
 - commit_granule_bytes: 65536.
 - commit_granule_words: 8192.
 - virtual_space_node_default_size: 8388608.
 - enlarge_chunks_in_place: 1.
UseCompressedClassPointers 1, UseCompactObjectHeaders 0
Narrow klass pointer bits 32, Max shift 3
Narrow klass base: 0x0000000039000000, Narrow klass shift: 0
Encoding Range: [0x0000000039000000 - 0x0000000139000000), (4294967296 bytes)
Klass Range:    [0x0000000039010000 - 0x000000007a000000), (1090453504 bytes)
Klass ID Range:  [65536 - 1090519033) (1090453497)
Protection zone: [0x0000000039000000 - 0x0000000039010000), (65536 bytes)


Internal statistics:

num_allocs_failed_limit: 0.
num_arena_births: 12.
num_arena_deaths: 0.
num_vsnodes_births: 2.
num_vsnodes_deaths: 0.
num_space_committed: 39.
num_space_uncommitted: 0.
num_chunks_returned_to_freelist: 0.
num_chunks_taken_from_freelist: 49.
num_chunk_merges: 0.
num_chunk_splits: 35.
num_chunks_enlarged: 25.
num_inconsistent_stats: 0.

CodeHeap 'non-profiled nmethods': size=120064Kb used=224Kb max_used=224Kb free=119839Kb
 bounds [0x0000027e87ac0000, 0x0000027e87d30000, 0x0000027e8f000000]
CodeHeap 'profiled nmethods': size=120000Kb used=1094Kb max_used=1094Kb free=118905Kb
 bounds [0x0000027e80000000, 0x0000027e80270000, 0x0000027e87530000]
CodeHeap 'non-nmethods': size=5696Kb used=1338Kb max_used=1338Kb free=4357Kb
 bounds [0x0000027e87530000, 0x0000027e877a0000, 0x0000027e87ac0000]
CodeCache: size=245760Kb, used=2656Kb, max_used=2656Kb, free=243101Kb
 total_blobs=1260, nmethods=813, adapters=348, full_count=0
Compilation: enabled, stopped_count=0, restarted_count=0

Compilation events (20 events):
Event: 1.287 Thread 0x0000027efe971670  604       3       java.util.zip.ZipFile::getZipEntry (249 bytes)
Event: 1.289 Thread 0x0000027efe971670 nmethod 604 0x0000027e800c0108 code [0x0000027e800c0200, 0x0000027e800c1850]
Event: 1.289 Thread 0x0000027efe971670  610       3       java.util.jar.JarFile::getEntry (35 bytes)
Event: 1.290 Thread 0x0000027efe971670 nmethod 610 0x0000027e800c1888 code [0x0000027e800c1980, 0x0000027e800c1e58]
Event: 1.290 Thread 0x0000027efe971670  611   !   3       jdk.internal.loader.URLClassPath$JarLoader::getResource (39 bytes)
Event: 1.290 Thread 0x0000027efe971670 nmethod 611 0x0000027e800c1e88 code [0x0000027e800c1f80, 0x0000027e800c24d8]
Event: 1.290 Thread 0x0000027efe971670  612       3       java.util.jar.JarFile::getJarEntry (9 bytes)
Event: 1.291 Thread 0x0000027efe971670 nmethod 612 0x0000027e800c2508 code [0x0000027e800c2600, 0x0000027e800c2890]
Event: 1.291 Thread 0x0000027efe971670  605       3       java.util.jar.JavaUtilJarAccessImpl::entryFor (6 bytes)
Event: 1.291 Thread 0x0000027efe971670 nmethod 605 0x0000027e800c2908 code [0x0000027e800c2a00, 0x0000027e800c2f88]
Event: 1.291 Thread 0x0000027efe971670  606       3       java.util.jar.JarFile::entryFor (10 bytes)
Event: 1.292 Thread 0x0000027efe971670 nmethod 606 0x0000027e800c3008 code [0x0000027e800c3100, 0x0000027e800c34b0]
Event: 1.292 Thread 0x0000027efe971670  607       3       java.util.jar.JarFile$JarFileEntry::<init> (21 bytes)
Event: 1.292 Thread 0x0000027efe971670 nmethod 607 0x0000027e800c3508 code [0x0000027e800c3600, 0x0000027e800c39d0]
Event: 1.292 Thread 0x0000027efe971670  608       3       java.util.jar.JarEntry::<init> (6 bytes)
Event: 1.292 Thread 0x0000027efe971670 nmethod 608 0x0000027e800c3a08 code [0x0000027e800c3b00, 0x0000027e800c3c30]
Event: 1.292 Thread 0x0000027efe971670  609       3       java.util.zip.ZipEntry::<init> (84 bytes)
Event: 1.293 Thread 0x0000027efe971670 nmethod 609 0x0000027e800c3d08 code [0x0000027e800c3e00, 0x0000027e800c42c8]
Event: 1.293 Thread 0x0000027efe971670  613       1       java.lang.NamedPackage::module (5 bytes)
Event: 1.293 Thread 0x0000027efe971670 nmethod 613 0x0000027e87aec408 code [0x0000027e87aec500, 0x0000027e87aec5c8]

GC Heap Usage History (0 events):
No events

Metaspace Usage History (0 events):
No events

Dll operation events (7 events):
Event: 0.029 Loaded shared library C:\Users\formation\tools\java\jdk-25\bin\java.dll
Event: 0.246 Loaded shared library C:\Users\formation\tools\java\jdk-25\bin\net.dll
Event: 0.256 Loaded shared library C:\Users\formation\tools\java\jdk-25\bin\nio.dll
Event: 0.264 Loaded shared library C:\Users\formation\tools\java\jdk-25\bin\zip.dll
Event: 0.484 Loaded shared library C:\Users\formation\tools\java\jdk-25\bin\management.dll
Event: 0.488 Loaded shared library C:\Users\formation\tools\java\jdk-25\bin\management_ext.dll
Event: 0.526 Loaded shared library C:\Users\formation\tools\java\jdk-25\bin\jimage.dll

Deoptimization events (20 events):
Event: 1.082 Thread 0x0000027eebec4080 Uncommon trap: trap_request=0xffffff45 fr.pc=0x0000027e87ad4384 relative=0x0000000000000404
Event: 1.082 Thread 0x0000027eebec4080 Uncommon trap: reason=unstable_if action=reinterpret pc=0x0000027e87ad4384 method=java.util.zip.ZipCoder$UTF8ZipCoder.checkedHash([BII)I @ 27 c2
Event: 1.082 Thread 0x0000027eebec4080 DEOPT PACKING pc=0x0000027e87ad4384 sp=0x0000008d10dfe600
Event: 1.082 Thread 0x0000027eebec4080 DEOPT UNPACKING pc=0x0000027e8764fc02 sp=0x0000008d10dfe590 mode 2
Event: 1.084 Thread 0x0000027eebec4080 Uncommon trap: trap_request=0xffffff45 fr.pc=0x0000027e87ac76cc relative=0x00000000000001cc
Event: 1.084 Thread 0x0000027eebec4080 Uncommon trap: reason=unstable_if action=reinterpret pc=0x0000027e87ac76cc method=java.lang.StringCoding.countPositives([BII)I @ 17 c2
Event: 1.084 Thread 0x0000027eebec4080 DEOPT PACKING pc=0x0000027e87ac76cc sp=0x0000008d10dfe450
Event: 1.084 Thread 0x0000027eebec4080 DEOPT UNPACKING pc=0x0000027e8764fc02 sp=0x0000008d10dfe410 mode 2
Event: 1.094 Thread 0x0000027eebec4080 DEOPT PACKING pc=0x0000027e800580d6 sp=0x0000008d10dfea40
Event: 1.094 Thread 0x0000027eebec4080 DEOPT UNPACKING pc=0x0000027e87581702 sp=0x0000008d10dfdf40 mode 0
Event: 1.094 Thread 0x0000027eebec4080 DEOPT PACKING pc=0x0000027e80043579 sp=0x0000008d10dfe4f0
Event: 1.094 Thread 0x0000027eebec4080 DEOPT UNPACKING pc=0x0000027e87581702 sp=0x0000008d10dfd990 mode 0
Event: 1.220 Thread 0x0000027eebec4080 DEOPT PACKING pc=0x0000027e8006e3cc sp=0x0000008d10dfe700
Event: 1.220 Thread 0x0000027eebec4080 DEOPT UNPACKING pc=0x0000027e87581702 sp=0x0000008d10dfdca8 mode 0
Event: 1.246 Thread 0x0000027eebec4080 Uncommon trap: trap_request=0xffffff45 fr.pc=0x0000027e87ae5574 relative=0x0000000000001274
Event: 1.246 Thread 0x0000027eebec4080 Uncommon trap: reason=unstable_if action=reinterpret pc=0x0000027e87ae5574 method=java.io.WinNTFileSystem.normalize(Ljava/lang/String;)Ljava/lang/String; @ 45 c2
Event: 1.246 Thread 0x0000027eebec4080 DEOPT PACKING pc=0x0000027e87ae5574 sp=0x0000008d10dfed10
Event: 1.246 Thread 0x0000027eebec4080 DEOPT UNPACKING pc=0x0000027e8764fc02 sp=0x0000008d10dfecd8 mode 2
Event: 1.250 Thread 0x0000027eebec4080 DEOPT PACKING pc=0x0000027e80043579 sp=0x0000008d10dfe9d0
Event: 1.250 Thread 0x0000027eebec4080 DEOPT UNPACKING pc=0x0000027e87581702 sp=0x0000008d10dfde70 mode 0

Classes loaded (20 events):
Event: 1.274 Loading class java/util/concurrent/ForkJoinPool$ManagedBlocker done
Event: 1.274 Loading class java/util/concurrent/locks/AbstractQueuedSynchronizer$ConditionNode done
Event: 1.275 Loading class java/lang/AssertionError
Event: 1.275 Loading class java/lang/AssertionError done
Event: 1.276 Loading class java/util/concurrent/atomic/AtomicBoolean
Event: 1.277 Loading class java/util/concurrent/atomic/AtomicBoolean done
Event: 1.281 Loading class java/nio/channels/NonReadableChannelException
Event: 1.281 Loading class java/nio/channels/NonReadableChannelException done
Event: 1.282 Loading class java/io/EOFException
Event: 1.282 Loading class java/io/EOFException done
Event: 1.285 Loading class java/lang/Thread$ThreadNumbering
Event: 1.285 Loading class java/lang/Thread$ThreadNumbering done
Event: 1.289 Loading class java/util/concurrent/ConcurrentLinkedQueue
Event: 1.290 Loading class java/util/concurrent/ConcurrentLinkedQueue done
Event: 1.290 Loading class java/util/concurrent/ConcurrentLinkedQueue$Node
Event: 1.290 Loading class java/util/concurrent/ConcurrentLinkedQueue$Node done
Event: 1.292 Loading class java/util/concurrent/atomic/AtomicReference
Event: 1.292 Loading class java/util/concurrent/atomic/AtomicReference done
Event: 1.292 Loading class java/util/concurrent/CountDownLatch$Sync
Event: 1.292 Loading class java/util/concurrent/CountDownLatch$Sync done

Classes unloaded (0 events):
No events

Classes redefined (0 events):
No events

Internal exceptions (1 events):
Event: 1.243 Thread 0x0000027eebec4080 Exception <a 'java/lang/NoSuchMethodError'{0x000000070fefa608}: 'java.lang.Object java.lang.invoke.DirectMethodHandle$Holder.invokeStaticInit(java.lang.Object)'> (0x000000070fefa608) 
thrown [s\src\hotspot\share\interpreter\linkResolver.cpp, line 804]

VM Operations (2 events):
Event: 1.246 Executing non-safepoint VM operation: HandshakeAllThreads (Deoptimize)
Event: 1.246 Executing non-safepoint VM operation: HandshakeAllThreads (Deoptimize) done

Memory protections (0 events):
No events

Nmethod flushes (0 events):
No events

Events (19 events):
Event: 0.186 Thread 0x0000027eebec4080 Thread added: 0x0000027eebec4080
Event: 0.209 Thread 0x0000027eebec4080 Thread added: 0x0000027efe952d50
Event: 0.209 Thread 0x0000027eebec4080 Thread added: 0x0000027efe953510
Event: 0.209 Thread 0x0000027eebec4080 Thread added: 0x0000027efe957ab0
Event: 0.210 Thread 0x0000027eebec4080 Thread added: 0x0000027efe958c20
Event: 0.210 Thread 0x0000027eebec4080 Thread added: 0x0000027efe95b660
Event: 0.220 Thread 0x0000027eebec4080 Thread added: 0x0000027efe95e360
Event: 0.221 Thread 0x0000027eebec4080 Thread added: 0x0000027efe967e80
Event: 0.221 Thread 0x0000027eebec4080 Thread added: 0x0000027efe971670
Event: 0.232 Thread 0x0000027eebec4080 Thread added: 0x0000027efea1efa0
Event: 0.236 Thread 0x0000027eebec4080 Thread added: 0x0000027efea334c0
Event: 0.320 Thread 0x0000027efe971670 Thread added: 0x0000027efea5ddd0
Event: 0.340 Thread 0x0000027efe971670 Thread added: 0x0000027efea637a0
Event: 0.785 Thread 0x0000027efea637a0 Thread exited: 0x0000027efea637a0
Event: 0.908 Thread 0x0000027efea5ddd0 Thread exited: 0x0000027efea5ddd0
Event: 1.084 Thread 0x0000027efe971670 Thread added: 0x0000027e93184020
Event: 1.087 Thread 0x0000027efe971670 Thread added: 0x0000027e93184830
Event: 1.273 Thread 0x0000027eebec4080 Thread added: 0x0000027e936ae760
Event: 1.292 Thread 0x0000027eebec4080 Thread added: 0x0000027e93613ae0


Dynamic libraries:
0x00007ff759b20000 - 0x00007ff759b2e000 	C:\Users\formation\tools\java\jdk-25\bin\java.exe
0x00007ffb161c0000 - 0x00007ffb16427000 	C:\WINDOWS\SYSTEM32\ntdll.dll
0x00007ffb15120000 - 0x00007ffb151e9000 	C:\WINDOWS\System32\KERNEL32.DLL
0x00007ffb12c70000 - 0x00007ffb13064000 	C:\WINDOWS\System32\KERNELBASE.dll
0x00007ffb13d40000 - 0x00007ffb13e8b000 	C:\WINDOWS\System32\ucrtbase.dll
0x00007ffaf9e80000 - 0x00007ffaf9e9e000 	C:\Users\formation\tools\java\jdk-25\bin\VCRUNTIME140.dll
0x00007ffafec70000 - 0x00007ffafec86000 	C:\Users\formation\tools\java\jdk-25\bin\jli.dll
0x00007ffb15830000 - 0x00007ffb159f5000 	C:\WINDOWS\System32\USER32.dll
0x00007ffb13f20000 - 0x00007ffb13f47000 	C:\WINDOWS\System32\win32u.dll
0x00007ffafe5b0000 - 0x00007ffafe843000 	C:\WINDOWS\WinSxS\amd64_microsoft.windows.common-controls_6595b64144ccf1df_6.0.26100.8115_none_3e075c82e3354f9c\COMCTL32.dll
0x00007ffb15fb0000 - 0x00007ffb15fdb000 	C:\WINDOWS\System32\GDI32.dll
0x00007ffb15da0000 - 0x00007ffb15e49000 	C:\WINDOWS\System32\msvcrt.dll
0x00007ffb12b40000 - 0x00007ffb12c6b000 	C:\WINDOWS\System32\gdi32full.dll
0x00007ffb12a90000 - 0x00007ffb12b33000 	C:\WINDOWS\System32\msvcp_win.dll
0x00007ffb15a10000 - 0x00007ffb15a42000 	C:\WINDOWS\System32\IMM32.DLL
0x00007ffb0c060000 - 0x00007ffb0c06c000 	C:\Users\formation\tools\java\jdk-25\bin\vcruntime140_1.dll
0x00007ffaf8b60000 - 0x00007ffaf8bed000 	C:\Users\formation\tools\java\jdk-25\bin\msvcp140.dll
0x00007ffa7ace0000 - 0x00007ffa7bc06000 	C:\Users\formation\tools\java\jdk-25\bin\server\jvm.dll
0x00007ffb15770000 - 0x00007ffb15826000 	C:\WINDOWS\System32\ADVAPI32.dll
0x00007ffb13f50000 - 0x00007ffb13ff7000 	C:\WINDOWS\System32\sechost.dll
0x00007ffb14de0000 - 0x00007ffb14ef8000 	C:\WINDOWS\System32\RPCRT4.dll
0x00007ffb14050000 - 0x00007ffb140d0000 	C:\WINDOWS\System32\WS2_32.dll
0x00007ffb128f0000 - 0x00007ffb1294e000 	C:\WINDOWS\SYSTEM32\POWRPROF.dll
0x00007ffb02910000 - 0x00007ffb02946000 	C:\WINDOWS\SYSTEM32\WINMM.dll
0x00007ffb05ea0000 - 0x00007ffb05eab000 	C:\WINDOWS\SYSTEM32\VERSION.dll
0x00007ffb128d0000 - 0x00007ffb128e4000 	C:\WINDOWS\SYSTEM32\UMPDC.dll
0x00007ffb117e0000 - 0x00007ffb117fb000 	C:\WINDOWS\SYSTEM32\kernel.appcore.dll
0x00007ffb0e4a0000 - 0x00007ffb0e4aa000 	C:\Users\formation\tools\java\jdk-25\bin\jimage.dll
0x00007ffb01600000 - 0x00007ffb01842000 	C:\WINDOWS\SYSTEM32\DBGHELP.DLL
0x00007ffb142e0000 - 0x00007ffb14662000 	C:\WINDOWS\System32\combase.dll
0x00007ffb15690000 - 0x00007ffb15768000 	C:\WINDOWS\System32\OLEAUT32.dll
0x00007ffafe850000 - 0x00007ffafe88b000 	C:\WINDOWS\SYSTEM32\dbgcore.DLL
0x00007ffb139a0000 - 0x00007ffb13a45000 	C:\WINDOWS\System32\bcryptPrimitives.dll
0x00007ffb0c040000 - 0x00007ffb0c05e000 	C:\Users\formation\tools\java\jdk-25\bin\java.dll
0x00007ffb15fe0000 - 0x00007ffb16177000 	C:\WINDOWS\System32\ole32.dll
0x00007ffb14670000 - 0x00007ffb14dd7000 	C:\WINDOWS\System32\SHELL32.dll
0x00007ffb13a50000 - 0x00007ffb13bba000 	C:\WINDOWS\System32\wintypes.dll
0x00007ffb13130000 - 0x00007ffb13998000 	C:\WINDOWS\System32\windows.storage.dll
0x00007ffb15a50000 - 0x00007ffb15b48000 	C:\WINDOWS\System32\SHCORE.dll
0x00007ffb14f00000 - 0x00007ffb14f66000 	C:\WINDOWS\System32\shlwapi.dll
0x00007ffb129b0000 - 0x00007ffb129d9000 	C:\WINDOWS\SYSTEM32\profapi.dll
0x00007ffafa750000 - 0x00007ffafa761000 	C:\Users\formation\tools\java\jdk-25\bin\net.dll
0x00007ffb11d30000 - 0x00007ffb11d9c000 	C:\WINDOWS\system32\mswsock.dll
0x00007ffafa550000 - 0x00007ffafa566000 	C:\Users\formation\tools\java\jdk-25\bin\nio.dll
0x00007ffafec50000 - 0x00007ffafec67000 	C:\Users\formation\tools\java\jdk-25\bin\zip.dll
0x00007ffb0bd40000 - 0x00007ffb0bd4a000 	C:\Users\formation\tools\java\jdk-25\bin\management.dll
0x00007ffafadb0000 - 0x00007ffafadbc000 	C:\Users\formation\tools\java\jdk-25\bin\management_ext.dll
0x00007ffb151f0000 - 0x00007ffb151f8000 	C:\WINDOWS\System32\PSAPI.DLL

JVMTI agents: none

dbghelp: loaded successfully - version: 4.0.5 - missing functions: none
symbol engine: initialized successfully - sym options: 0x614 - pdb path: .;C:\Users\formation\tools\java\jdk-25\bin;C:\WINDOWS\SYSTEM32;C:\WINDOWS\WinSxS\amd64_microsoft.windows.common-controls_6595b64144ccf1df_6.0.26100.8115_none_3e075c82e3354f9c;C:\Users\formation\tools\java\jdk-25\bin\server

VM Arguments:
java_command: C:\Users\formation\tools\cygwin\tmp\surefire2875574488001698032\surefirebooter-20260507220811470_3.jar C:\Users\formation\tools\cygwin\tmp\surefire2875574488001698032 2026-05-07T22-08-11_020-jvmRun1 surefire-20260507220811470_1tmp surefire_0-20260507220811470_2tmp
java_class_path (initial): C:\Users\formation\tools\cygwin\tmp\surefire2875574488001698032\surefirebooter-20260507220811470_3.jar
Launcher Type: SUN_STANDARD

[Global flags]
     intx CICompilerCount                          = 4                                         {product} {ergonomic}
     uint ConcGCThreads                            = 2                                         {product} {ergonomic}
     uint G1ConcRefinementThreads                  = 8                                         {product} {ergonomic}
   size_t G1HeapRegionSize                         = 2097152                                   {product} {ergonomic}
   size_t InitialHeapSize                          = 268435456                                 {product} {ergonomic}
   size_t MarkStackSize                            = 4194304                                   {product} {ergonomic}
   size_t MarkStackSizeMax                         = 536870912                                 {product} {ergonomic}
   size_t MaxHeapSize                              = 4276092928                                {product} {ergonomic}
   size_t MaxNewSize                               = 2564816896                                {product} {ergonomic}
   size_t MinHeapDeltaBytes                        = 2097152                                   {product} {ergonomic}
   size_t MinHeapSize                              = 8388608                                   {product} {ergonomic}
    uintx NonNMethodCodeHeapSize                   = 5832704                                {pd product} {ergonomic}
    uintx NonProfiledCodeHeapSize                  = 122945536                              {pd product} {ergonomic}
    uintx ProfiledCodeHeapSize                     = 122880000                              {pd product} {ergonomic}
    uintx ReservedCodeCacheSize                    = 251658240                              {pd product} {ergonomic}
     bool SegmentedCodeCache                       = true                                      {product} {ergonomic}
   size_t SoftMaxHeapSize                          = 4276092928                             {manageable} {ergonomic}
     bool UseCompressedOops                        = true                           {product lp64_product} {ergonomic}
     bool UseG1GC                                  = true                                      {product} {ergonomic}
     bool UseLargePagesIndividualAllocation        = false                                  {pd product} {ergonomic}

Logging:
Log output configuration:
 #0: stdout all=warning uptime,level,tags foldmultilines=false
 #1: stderr all=off uptime,level,tags foldmultilines=false

Release file:
IMPLEMENTOR="Eclipse Adoptium" 
IMPLEMENTOR_VERSION="Temurin-25.0.2+10" 
JAVA_RUNTIME_VERSION="25.0.2+10-LTS" 
JAVA_VERSION="25.0.2" 
JAVA_VERSION_DATE="2026-01-20" 
LIBC="default" 
MODULES="java.base java.compiler java.datatransfer java.xml java.prefs java.desktop java.instrument java.logging java.management java.security.sasl java.naming java.rmi java.management.rmi java.net.http java.scripting java.security.jgss java.transaction.xa java.sql java.sql.rowset java.xml.crypto java.se java.smartcardio jdk.accessibility jdk.internal.jvmstat jdk.attach jdk.charsets jdk.internal.opt jdk.zipfs jdk.compiler jdk.crypto.cryptoki jdk.crypto.ec jdk.crypto.mscapi jdk.dynalink jdk.internal.ed jdk.editpad jdk.internal.vm.ci jdk.graal.compiler jdk.graal.compiler.management jdk.hotspot.agent jdk.httpserver jdk.incubator.vector jdk.internal.le jdk.internal.md jdk.jartool jdk.javadoc jdk.jcmd jdk.management jdk.management.agent jdk.jconsole jdk.jdeps jdk.jdwp.agent jdk.jdi jdk.jfr jdk.jlink jdk.jpackage jdk.jshell jdk.jsobject jdk.jstatd jdk.localedata jdk.management.jfr jdk.naming.dns jdk.naming.rmi jdk.net jdk.nio.mapmode jdk.sctp jdk.security.auth jdk.security.jgss jdk.unsupported jdk.unsupported.desktop jdk.xml.dom" 
OS_ARCH="x86_64" 
OS_NAME="Windows" 
SOURCE=".:git:9e3c947043a4" 
BUILD_SOURCE="git:458965074606f027bd5afce2cfd5c1055dea0438"
BUILD_SOURCE_REPO="https://github.com/adoptium/temurin-build.git"
SOURCE_REPO="https://github.com/adoptium/jdk25u.git"
FULL_VERSION="25.0.2+10-LTS"
SEMANTIC_VERSION="25.0.2+10"
BUILD_INFO="OS: Windows Server 2022 Version: 10.0"
JVM_VARIANT="Hotspot"
JVM_VERSION="25.0.2+10-LTS"
IMAGE_TYPE="JDK"

Environment Variables:
JAVA_HOME=C:\Users\formation\tools\java\jdk-25
PATH=C:\Users\formation\tools\cygwin\usr\local\bin;C:\Users\formation\tools\cygwin\bin;C:\WINDOWS\system32;C:\WINDOWS;C:\WINDOWS\System32\Wbem;C:\WINDOWS\System32\WindowsPowerShell\v1.0;C:\WINDOWS\System32\OpenSSH;C:\Users\formation\tools\java\jdk-25\bin;C:\Users\formation\tools\maven\apache-maven-3.9.14\bin;C:\Users\formation\tools\nodejs\node-v24.13.1-win-x64;C:\Users\formation\tools\yarn\bin;C:\Users\formation\tools\git\cmd;C:\Program Files\dotnet;C:\Program Files\TortoiseGit\bin;C:\Program Files\Docker\Docker\resources\bin;C:\Users\formation\AppData\Local\Microsoft\WindowsApps;C:\Users\formation\AppData\Local\Yarn\bin;C:\Users\formation\tools\Microsoft VS Code\bin
USERNAME=formation
SHELL=/bin/bash
LC_CTYPE=fr_FR.UTF-8
TERM=xterm
TZ=Europe/Paris
OS=Windows_NT
PROCESSOR_IDENTIFIER=Intel64 Family 6 Model 142 Stepping 10, GenuineIntel
TMP=C:\Users\formation\tools\cygwin\tmp
TEMP=C:\Users\formation\tools\cygwin\tmp




Compilation memory statistics disabled.

Periodic native trim disabled

---------------  S Y S T E M  ---------------

OS:
 Windows 11 , 64 bit Build 26100 (10.0.26100.8246)
OS uptime: 0 days 2:29 hours
Hyper-V role detected

CPU: total 8 (initial active 8) (4 cores per cpu, 2 threads per core) family 6 model 142 stepping 10 microcode 0xe0, cx8, cmov, fxsr, ht, mmx, 3dnowpref, sse, sse2, sse3, ssse3, sse4.1, sse4.2, popcnt, lzcnt, tsc, tscinvbit, avx, avx2, aes, erms, clmul, bmi1, bmi2, adx, fma, vzeroupper, clflush, clflushopt, hv, rdtscp, f16c
Processor Information for processor 0
  Max Mhz: 1992, Current Mhz: 1792, Mhz Limit: 1792
Processor Information for processor 1
  Max Mhz: 1992, Current Mhz: 1494, Mhz Limit: 1792
Processor Information for processor 2
  Max Mhz: 1992, Current Mhz: 1792, Mhz Limit: 1792
Processor Information for processor 3
  Max Mhz: 1992, Current Mhz: 1494, Mhz Limit: 1792
Processor Information for processor 4
  Max Mhz: 1992, Current Mhz: 1494, Mhz Limit: 1792
Processor Information for processor 5
  Max Mhz: 1992, Current Mhz: 1494, Mhz Limit: 1792
Processor Information for processor 6
  Max Mhz: 1992, Current Mhz: 1792, Mhz Limit: 1792
Processor Information for processor 7
  Max Mhz: 1992, Current Mhz: 1792, Mhz Limit: 1792

Memory: 4k page, system-wide physical 16310M (1809M free)
TotalPageFile size 23138M (AvailPageFile size 0M)
current process WorkingSet (physical memory assigned to process): 83M, peak: 83M
current process commit charge ("private bytes"): 367M, peak: 371M

vm_info: OpenJDK 64-Bit Server VM (25.0.2+10-LTS) for windows-amd64 JRE (25.0.2+10-LTS), built on 2026-01-20T00:00:00Z with MS VC++ 17.12 (VS2022)

END.
